<?xml version="1.0" encoding="UTF-8"?>
<robot generator="Robot 3.0.2 (Python 3.6.1 on win32)" generated="20180216 15:51:51.189">
<suite id="s1" name="RFSampleAcceptanceTest" source="H:\ucl-nii-amakro\src\test\resources\scenarios\RFSampleAcceptanceTest.txt">
<test id="s1-t1" name="Add Operation Works Well">
<kw name="Add Operation Workflow">
<arguments>
<arg>1</arg>
<arg>1</arg>
<arg>2</arg>
</arguments>
<kw name="Open Application Page">
<kw name="Open Browser" library="Selenium2Library">
<doc>Opens a new browser instance to given URL.</doc>
<arguments>
<arg>http://localhost:9080/RFSample/calculate</arg>
<arg>${BROWSER}</arg>
</arguments>
<msg timestamp="20180216 15:51:51.393" level="INFO">Opening browser 'chrome' to base url 'http://localhost:9080/RFSample/calculate'</msg>
<status status="PASS" starttime="20180216 15:51:51.393" endtime="20180216 15:51:55.058"></status>
</kw>
<status status="PASS" starttime="20180216 15:51:51.393" endtime="20180216 15:51:55.058"></status>
</kw>
<kw name="Calculate In Application Page">
<arguments>
<arg>${arg1}</arg>
<arg>${arg2}</arg>
</arguments>
<assign>
<var>${calc_value}</var>
</assign>
<kw name="Input Text" library="Selenium2Library">
<doc>Types the given `text` into text field identified by `locator`.</doc>
<arguments>
<arg>arg1</arg>
<arg>${arg1}</arg>
</arguments>
<msg timestamp="20180216 15:51:55.059" level="INFO">Typing text '1' into text field 'arg1'</msg>
<status status="PASS" starttime="20180216 15:51:55.059" endtime="20180216 15:51:55.145"></status>
</kw>
<kw name="Input Text" library="Selenium2Library">
<doc>Types the given `text` into text field identified by `locator`.</doc>
<arguments>
<arg>arg2</arg>
<arg>${arg2}</arg>
</arguments>
<msg timestamp="20180216 15:51:55.146" level="INFO">Typing text '1' into text field 'arg2'</msg>
<status status="PASS" starttime="20180216 15:51:55.146" endtime="20180216 15:51:55.207"></status>
</kw>
<kw name="Submit Form" library="Selenium2Library">
<doc>Submits a form identified by `locator`.</doc>
<msg timestamp="20180216 15:51:55.207" level="INFO">Submitting form 'None'.</msg>
<status status="PASS" starttime="20180216 15:51:55.207" endtime="20180216 15:51:55.306"></status>
</kw>
<kw name="Get Value" library="Selenium2Library">
<doc>Returns the value attribute of element identified by `locator`.</doc>
<arguments>
<arg>result</arg>
</arguments>
<assign>
<var>${result}</var>
</assign>
<msg timestamp="20180216 15:51:55.332" level="INFO">${result} = 2</msg>
<status status="PASS" starttime="20180216 15:51:55.306" endtime="20180216 15:51:55.332"></status>
</kw>
<msg timestamp="20180216 15:51:55.332" level="INFO">${calc_value} = 2</msg>
<status status="PASS" starttime="20180216 15:51:55.059" endtime="20180216 15:51:55.332"></status>
</kw>
<kw name="Should Be Equal" library="BuiltIn">
<doc>Fails if the given objects are unequal.</doc>
<arguments>
<arg>${calc_value}</arg>
<arg>${expected}</arg>
</arguments>
<status status="PASS" starttime="20180216 15:51:55.332" endtime="20180216 15:51:55.332"></status>
</kw>
<kw name="Close Application Page">
<kw name="Close Browser" library="Selenium2Library">
<doc>Closes the current browser.</doc>
<status status="PASS" starttime="20180216 15:51:55.333" endtime="20180216 15:51:58.424"></status>
</kw>
<status status="PASS" starttime="20180216 15:51:55.332" endtime="20180216 15:51:58.424"></status>
</kw>
<status status="PASS" starttime="20180216 15:51:51.393" endtime="20180216 15:51:58.424"></status>
</kw>
<kw name="Add Operation Workflow">
<arguments>
<arg>100</arg>
<arg>200</arg>
<arg>300</arg>
</arguments>
<kw name="Open Application Page">
<kw name="Open Browser" library="Selenium2Library">
<doc>Opens a new browser instance to given URL.</doc>
<arguments>
<arg>http://localhost:9080/RFSample/calculate</arg>
<arg>${BROWSER}</arg>
</arguments>
<msg timestamp="20180216 15:51:58.424" level="INFO">Opening browser 'chrome' to base url 'http://localhost:9080/RFSample/calculate'</msg>
<status status="PASS" starttime="20180216 15:51:58.424" endtime="20180216 15:52:02.001"></status>
</kw>
<status status="PASS" starttime="20180216 15:51:58.424" endtime="20180216 15:52:02.001"></status>
</kw>
<kw name="Calculate In Application Page">
<arguments>
<arg>${arg1}</arg>
<arg>${arg2}</arg>
</arguments>
<assign>
<var>${calc_value}</var>
</assign>
<kw name="Input Text" library="Selenium2Library">
<doc>Types the given `text` into text field identified by `locator`.</doc>
<arguments>
<arg>arg1</arg>
<arg>${arg1}</arg>
</arguments>
<msg timestamp="20180216 15:52:02.002" level="INFO">Typing text '100' into text field 'arg1'</msg>
<status status="PASS" starttime="20180216 15:52:02.002" endtime="20180216 15:52:02.096"></status>
</kw>
<kw name="Input Text" library="Selenium2Library">
<doc>Types the given `text` into text field identified by `locator`.</doc>
<arguments>
<arg>arg2</arg>
<arg>${arg2}</arg>
</arguments>
<msg timestamp="20180216 15:52:02.097" level="INFO">Typing text '200' into text field 'arg2'</msg>
<status status="PASS" starttime="20180216 15:52:02.097" endtime="20180216 15:52:02.165"></status>
</kw>
<kw name="Submit Form" library="Selenium2Library">
<doc>Submits a form identified by `locator`.</doc>
<msg timestamp="20180216 15:52:02.166" level="INFO">Submitting form 'None'.</msg>
<status status="PASS" starttime="20180216 15:52:02.166" endtime="20180216 15:52:02.266"></status>
</kw>
<kw name="Get Value" library="Selenium2Library">
<doc>Returns the value attribute of element identified by `locator`.</doc>
<arguments>
<arg>result</arg>
</arguments>
<assign>
<var>${result}</var>
</assign>
<msg timestamp="20180216 15:52:02.294" level="INFO">${result} = 300</msg>
<status status="PASS" starttime="20180216 15:52:02.266" endtime="20180216 15:52:02.295"></status>
</kw>
<msg timestamp="20180216 15:52:02.295" level="INFO">${calc_value} = 300</msg>
<status status="PASS" starttime="20180216 15:52:02.001" endtime="20180216 15:52:02.295"></status>
</kw>
<kw name="Should Be Equal" library="BuiltIn">
<doc>Fails if the given objects are unequal.</doc>
<arguments>
<arg>${calc_value}</arg>
<arg>${expected}</arg>
</arguments>
<status status="PASS" starttime="20180216 15:52:02.295" endtime="20180216 15:52:02.295"></status>
</kw>
<kw name="Close Application Page">
<kw name="Close Browser" library="Selenium2Library">
<doc>Closes the current browser.</doc>
<status status="PASS" starttime="20180216 15:52:02.296" endtime="20180216 15:52:05.373"></status>
</kw>
<status status="PASS" starttime="20180216 15:52:02.295" endtime="20180216 15:52:05.373"></status>
</kw>
<status status="PASS" starttime="20180216 15:51:58.424" endtime="20180216 15:52:05.373"></status>
</kw>
<kw name="Add Operation Workflow">
<arguments>
<arg>XYZ</arg>
<arg>150</arg>
<arg>N/A</arg>
</arguments>
<kw name="Open Application Page">
<kw name="Open Browser" library="Selenium2Library">
<doc>Opens a new browser instance to given URL.</doc>
<arguments>
<arg>http://localhost:9080/RFSample/calculate</arg>
<arg>${BROWSER}</arg>
</arguments>
<msg timestamp="20180216 15:52:05.373" level="INFO">Opening browser 'chrome' to base url 'http://localhost:9080/RFSample/calculate'</msg>
<status status="PASS" starttime="20180216 15:52:05.373" endtime="20180216 15:52:08.991"></status>
</kw>
<status status="PASS" starttime="20180216 15:52:05.373" endtime="20180216 15:52:08.991"></status>
</kw>
<kw name="Calculate In Application Page">
<arguments>
<arg>${arg1}</arg>
<arg>${arg2}</arg>
</arguments>
<assign>
<var>${calc_value}</var>
</assign>
<kw name="Input Text" library="Selenium2Library">
<doc>Types the given `text` into text field identified by `locator`.</doc>
<arguments>
<arg>arg1</arg>
<arg>${arg1}</arg>
</arguments>
<msg timestamp="20180216 15:52:08.992" level="INFO">Typing text 'XYZ' into text field 'arg1'</msg>
<status status="PASS" starttime="20180216 15:52:08.992" endtime="20180216 15:52:09.083"></status>
</kw>
<kw name="Input Text" library="Selenium2Library">
<doc>Types the given `text` into text field identified by `locator`.</doc>
<arguments>
<arg>arg2</arg>
<arg>${arg2}</arg>
</arguments>
<msg timestamp="20180216 15:52:09.084" level="INFO">Typing text '150' into text field 'arg2'</msg>
<status status="PASS" starttime="20180216 15:52:09.083" endtime="20180216 15:52:09.151"></status>
</kw>
<kw name="Submit Form" library="Selenium2Library">
<doc>Submits a form identified by `locator`.</doc>
<msg timestamp="20180216 15:52:09.152" level="INFO">Submitting form 'None'.</msg>
<status status="PASS" starttime="20180216 15:52:09.151" endtime="20180216 15:52:09.248"></status>
</kw>
<kw name="Get Value" library="Selenium2Library">
<doc>Returns the value attribute of element identified by `locator`.</doc>
<arguments>
<arg>result</arg>
</arguments>
<assign>
<var>${result}</var>
</assign>
<msg timestamp="20180216 15:52:09.276" level="INFO">${result} = N/A</msg>
<status status="PASS" starttime="20180216 15:52:09.248" endtime="20180216 15:52:09.276"></status>
</kw>
<msg timestamp="20180216 15:52:09.276" level="INFO">${calc_value} = N/A</msg>
<status status="PASS" starttime="20180216 15:52:08.992" endtime="20180216 15:52:09.277"></status>
</kw>
<kw name="Should Be Equal" library="BuiltIn">
<doc>Fails if the given objects are unequal.</doc>
<arguments>
<arg>${calc_value}</arg>
<arg>${expected}</arg>
</arguments>
<status status="PASS" starttime="20180216 15:52:09.277" endtime="20180216 15:52:09.277"></status>
</kw>
<kw name="Close Application Page">
<kw name="Close Browser" library="Selenium2Library">
<doc>Closes the current browser.</doc>
<status status="PASS" starttime="20180216 15:52:09.277" endtime="20180216 15:52:12.352"></status>
</kw>
<status status="PASS" starttime="20180216 15:52:09.277" endtime="20180216 15:52:12.352"></status>
</kw>
<status status="PASS" starttime="20180216 15:52:05.373" endtime="20180216 15:52:12.352"></status>
</kw>
<status status="PASS" starttime="20180216 15:51:51.393" endtime="20180216 15:52:12.352" critical="yes"></status>
</test>
<status status="PASS" starttime="20180216 15:51:51.189" endtime="20180216 15:52:12.352"></status>
</suite>
<statistics>
<total>
<stat pass="1" fail="0">Critical Tests</stat>
<stat pass="1" fail="0">All Tests</stat>
</total>
<tag>
</tag>
<suite>
<stat pass="1" fail="0" id="s1" name="RFSampleAcceptanceTest">RFSampleAcceptanceTest</stat>
</suite>
</statistics>
<errors>
</errors>
</robot>
