<?xml version="1.0" encoding="UTF-8" ?>
<testsuite tests="4" failures="0" name="com.fr_soft.demos.rfsample.CreateDBTest" time="0" errors="0" skipped="0">
  <properties>
[...]
</properties>
  <testcase classname="com.fr_soft.demos.rfsample.CreateDBTest" name="test_count_stock" time="0"/>
  <testcase classname="com.fr_soft.demos.rfsample.CreateDBTest" name="test_compareStock" time="0"/>
  <testcase classname="com.fr_soft.demos.rfsample.CreateDBTest" name="test_table_creation" time="0"/>
  <testcase classname="com.fr_soft.demos.rfsample.CreateDBTest" name="test_send_Notification" time="0"/>
</testsuite>